[INFO] 02:26:55:742 TP0/(156775:156775): Hola! Soy un log
[INFO] 02:51:28:275 TP0/(158287:158287): Hola! Soy un log
[INFO] 03:01:36:199 TP0/(159021:159021): Hola! Soy un log
[INFO] 03:09:57:920 TP0/(159171:159171): Hola! Soy un log
[INFO] 03:10:15:318 TP0/(159223:159223): Hola! Soy un log
[INFO] 03:15:40:631 TP0/(159419:159419): Hola! Soy un log
[INFO] 03:35:15:469 TP0/(159682:159682): Hola! Soy un log
[INFO] 03:35:40:253 TP0/(159722:159722): Hola!> Soy un log
[INFO] 03:38:14:596 TP0/(159845:159845): Hola!> Soy un log
[INFO] 03:38:38:816 TP0/(159886:159886): Hola!> Soy un log
[INFO] 03:39:16:655 TP0/(159950:159950): Hola!> Soy un log
[INFO] 03:41:10:739 TP0/(160009:160009): Hola!> Soy un log
[INFO] 03:41:21:594 TP0/(160022:160022): Hola!> Soy un log
[INFO] 03:41:58:955 TP0/(160089:160089): Hola!> Soy un log
[INFO] 03:42:08:609 TP0/(160103:160103): Hola!> Soy un log
[INFO] 03:47:42:490 TP0/(160242:160242): Hola!> Soy un log
[INFO] 03:47:44:846 TP0/(160242:160242): hola
[INFO] 03:47:44:846 TP0/(160242:160242): 
[INFO] 03:52:53:239 TP0/(160383:160383): Hola!> Soy un log
[INFO] 03:53:18:039 TP0/(160437:160437): Hola!> Soy un log
[INFO] 03:53:20:080 TP0/(160437:160437): hola
[INFO] 03:53:20:081 TP0/(160437:160437): 
[INFO] 03:53:44:884 TP0/(160495:160495): Hola!> Soy un log
[INFO] 03:53:46:976 TP0/(160495:160495): hola
[INFO] 03:53:46:976 TP0/(160495:160495): 
[INFO] 03:54:12:317 TP0/(160549:160549): Hola!> Soy un log
[INFO] 03:54:14:231 TP0/(160549:160549): hola
[INFO] 03:54:19:288 TP0/(160549:160549): como estas
[INFO] 03:54:51:929 TP0/(160610:160610): Hola!> Soy un log
[INFO] 03:55:53:611 TP0/(160657:160657): Hola!> Soy un log
[INFO] 03:57:07:168 TP0/(160745:160745): Hola!> Soy un log
[INFO] 03:57:09:100 TP0/(160745:160745): àÜ–ö
[INFO] 03:57:12:104 TP0/(160745:160745): 5ˆ{jU
[INFO] 03:57:20:782 TP0/(160745:160745): U‰{jU
[INFO] 03:57:21:838 TP0/(160745:160745): µ¶{jU
[INFO] 03:57:22:550 TP0/(160745:160745): ¶{jU
[INFO] 03:57:23:133 TP0/(160745:160745): v·{jU
[INFO] 03:57:23:730 TP0/(160745:160745): V·{jU
[INFO] 03:57:36:678 TP0/(160791:160791): Hola!> Soy un log
[INFO] 03:57:38:733 TP0/(160791:160791): 
[INFO] 03:57:39:528 TP0/(160791:160791): 
[INFO] 03:57:40:381 TP0/(160791:160791): 
[INFO] 03:58:23:738 TP0/(160831:160831): Hola!> Soy un log
[INFO] 03:58:25:188 TP0/(160831:160831): 
[INFO] 03:58:26:603 TP0/(160831:160831): 
[INFO] 03:58:27:884 TP0/(160831:160831): 
[INFO] 04:00:20:774 TP0/(160911:160911): Hola!> Soy un log
[INFO] 04:00:23:038 TP0/(160911:160911): hola
[INFO] 04:00:23:661 TP0/(160911:160911):  
[INFO] 04:00:24:632 TP0/(160911:160911):  
[INFO] 04:00:25:138 TP0/(160911:160911):  
[INFO] 04:00:25:847 TP0/(160911:160911): asd
[INFO] 04:01:57:406 TP0/(160976:160976): Hola!> Soy un log
[INFO] 04:01:58:590 TP0/(160976:160976):  
[INFO] 04:01:59:342 TP0/(160976:160976):  
[INFO] 04:02:09:250 TP0/(161012:161012): Hola!> Soy un log
[INFO] 04:02:10:744 TP0/(161012:161012):  
[INFO] 04:02:11:868 TP0/(161012:161012): asd
[INFO] 04:02:20:887 TP0/(161060:161060): Hola!> Soy un log
[INFO] 04:02:22:460 TP0/(161060:161060): a
[INFO] 04:03:32:192 TP0/(161145:161145): Hola!> Soy un log
[INFO] 04:03:34:459 TP0/(161145:161145): hola
[INFO] 04:03:35:185 TP0/(161145:161145):  
[INFO] 04:03:36:559 TP0/(161145:161145):  
[INFO] 04:04:41:026 TP0/(161215:161215): Hola!> Soy un log
[INFO] 04:04:43:032 TP0/(161215:161215): hola
[INFO] 04:04:43:565 TP0/(161215:161215):  
[INFO] 04:05:38:137 TP0/(161272:161272): Hola!> Soy un log
[INFO] 04:05:39:354 TP0/(161272:161272):  
[INFO] 04:05:39:866 TP0/(161272:161272): 
[INFO] 04:05:40:434 TP0/(161272:161272): 
[INFO] 04:05:40:900 TP0/(161272:161272): 
[INFO] 04:06:41:498 TP0/(161359:161359): Hola!> Soy un log
[INFO] 04:06:43:589 TP0/(161359:161359):  
[INFO] 04:06:44:190 TP0/(161359:161359): 
[INFO] 04:06:44:701 TP0/(161359:161359): 
[INFO] 04:06:45:263 TP0/(161359:161359): asd
[INFO] 04:06:45:580 TP0/(161359:161359): 
[INFO] 04:06:45:881 TP0/(161359:161359): 
[INFO] 04:09:03:867 TP0/(161493:161493): Hola!> Soy un log
[INFO] 04:09:51:166 TP0/(161553:161553): Hola!> Soy un log
[INFO] 04:09:52:136 TP0/(161553:161553): 
[INFO] 04:09:52:785 TP0/(161553:161553): 
[INFO] 04:09:53:097 TP0/(161553:161553): 
[INFO] 04:09:58:327 TP0/(161593:161593): Hola!> Soy un log
[INFO] 04:49:31:406 TP0/(162864:162864): Hola!> Soy un log
[INFO] 04:49:33:608 TP0/(162864:162864): hola
[INFO] 04:50:21:950 TP0/(162920:162920): Hola!> Soy un log
[INFO] 04:50:26:639 TP0/(162920:162920): sdf
[INFO] 04:51:59:519 TP0/(162979:162979): Hola!> Soy un log
[INFO] 04:55:03:750 TP0/(161215:161215):  
[INFO] 04:55:04:268 TP0/(161215:161215): 
[INFO] 04:55:04:753 TP0/(161215:161215): 
[INFO] 04:55:04:984 TP0/(161215:161215): 
[INFO] 04:55:05:306 TP0/(161215:161215): 
[INFO] 04:55:05:482 TP0/(161215:161215): 
[INFO] 04:55:05:616 TP0/(161215:161215): 
[INFO] 04:55:10:820 TP0/(163031:163031): Hola!> Soy un log
[INFO] 04:57:40:944 TP0/(163072:163072): Hola!> Soy un log
[INFO] 04:57:46:388 TP0/(163072:163072): jpasd
[INFO] 04:59:22:156 TP0/(163193:163193): Hola!> Soy un log
[INFO] 04:59:32:123 TP0/(163224:163224): Hola!> Soy un log
[INFO] 04:59:39:582 TP0/(163239:163239): Hola!> Soy un log
[INFO] 04:59:41:827 TP0/(163239:163239): hola
[INFO] 05:02:01:141 TP0/(163554:163554): Hola!> Soy un log
[INFO] 05:02:08:833 TP0/(163554:163554): hola
[INFO] 05:02:56:324 TP0/(163637:163637): Hola!> Soy un log
[INFO] 05:03:13:432 TP0/(163675:163675): Hola!> Soy un log
[INFO] 05:03:22:555 TP0/(163710:163710): Hola!> Soy un log
[INFO] 05:04:34:472 TP0/(163532:163532): Hola!> Soy un log
[INFO] 05:04:55:220 TP0/(163710:163710): hola
[INFO] 05:04:56:118 TP0/(163710:163710):  
[INFO] 05:16:20:049 TP0/(163795:163795): Hola!> Soy un log
[INFO] 05:16:28:287 TP0/(163795:163795): hj
[INFO] 05:19:09:141 TP0/(163871:163871): Hola!> Soy un log
[INFO] 03:54:42:477 TP0/(193443:193443): Hola!> Soy un log
[INFO] 03:54:45:430 TP0/(193443:193443): as
[INFO] 03:54:46:788 TP0/(193443:193443): dasd
[INFO] 05:18:02:400 TP0/(195051:195051): Hola!> Soy un log
[INFO] 05:18:43:809 TP0/(195092:195092): Hola!> Soy un log
[INFO] 05:18:56:595 TP0/(195125:195125): Hola!> Soy un log
[INFO] 05:19:01:186 TP0/(195139:195139): Hola!> Soy un log
[INFO] 05:19:13:962 TP0/(195172:195172): Hola!> Soy un log
[INFO] 05:19:58:269 TP0/(195227:195227): Hola!> Soy un log
[INFO] 05:20:00:239 TP0/(195227:195227): hola
[INFO] 05:20:01:487 TP0/(195227:195227): asd
[INFO] 05:20:55:719 TP0/(195278:195278): Hola!> Soy un log
[INFO] 05:21:19:511 TP0/(195318:195318): Hola! Soy un log
